c:\users\zhangtao\source\repos\ocrsln\qtwidgetsapplication1\x64\debug\vc142.pdb
c:\users\zhangtao\source\repos\ocrsln\qtwidgetsapplication1\x64\debug\qrc_qtwidgetsapplication1.obj
c:\users\zhangtao\source\repos\ocrsln\qtwidgetsapplication1\x64\debug\main.obj
c:\users\zhangtao\source\repos\ocrsln\qtwidgetsapplication1\x64\debug\qtwidgetsapplication1.obj
c:\users\zhangtao\source\repos\ocrsln\qtwidgetsapplication1\x64\debug\moc_qtwidgetsapplication1.obj
c:\users\zhangtao\source\repos\ocrsln\qtwidgetsapplication1\x64\debug\moc\moc_qtwidgetsapplication1.cpp
c:\users\zhangtao\source\repos\ocrsln\qtwidgetsapplication1\x64\debug\uic\ui_qtwidgetsapplication1.h
c:\users\zhangtao\source\repos\ocrsln\qtwidgetsapplication1\x64\debug\rcc\qrc_qtwidgetsapplication1.cpp
c:\users\zhangtao\source\repos\ocrsln\qtwidgetsapplication1\x64\debug\qtwidget.7904a63b.tlog\cl.command.1.tlog
c:\users\zhangtao\source\repos\ocrsln\qtwidgetsapplication1\x64\debug\qtwidget.7904a63b.tlog\cl.read.1.tlog
c:\users\zhangtao\source\repos\ocrsln\qtwidgetsapplication1\x64\debug\qtwidget.7904a63b.tlog\cl.write.1.tlog
c:\users\zhangtao\source\repos\ocrsln\qtwidgetsapplication1\x64\debug\qtwidget.7904a63b.tlog\link.command.1.tlog
c:\users\zhangtao\source\repos\ocrsln\qtwidgetsapplication1\x64\debug\qtwidget.7904a63b.tlog\link.read.1.tlog
c:\users\zhangtao\source\repos\ocrsln\qtwidgetsapplication1\x64\debug\qtwidget.7904a63b.tlog\link.write.1.tlog
c:\users\zhangtao\source\repos\ocrsln\qtwidgetsapplication1\x64\debug\qtwidget.7904a63b.tlog\moc.read.1u.tlog
c:\users\zhangtao\source\repos\ocrsln\qtwidgetsapplication1\x64\debug\qtwidget.7904a63b.tlog\moc.write.1u.tlog
c:\users\zhangtao\source\repos\ocrsln\qtwidgetsapplication1\x64\debug\qtwidget.7904a63b.tlog\qtwidgetsapplication1.write.1u.tlog
c:\users\zhangtao\source\repos\ocrsln\qtwidgetsapplication1\x64\debug\qtwidget.7904a63b.tlog\rcc.read.1u.tlog
c:\users\zhangtao\source\repos\ocrsln\qtwidgetsapplication1\x64\debug\qtwidget.7904a63b.tlog\rcc.write.1u.tlog
c:\users\zhangtao\source\repos\ocrsln\qtwidgetsapplication1\x64\debug\qtwidget.7904a63b.tlog\uic.read.1u.tlog
c:\users\zhangtao\source\repos\ocrsln\qtwidgetsapplication1\x64\debug\qtwidget.7904a63b.tlog\uic.write.1u.tlog
