c:\users\zhangtao\source\repos\ocrsln\qtwidgetsapplication1\x64\release\qrc_qtwidgetsapplication1.obj
c:\users\zhangtao\source\repos\ocrsln\qtwidgetsapplication1\x64\release\qtwidgetsapplication1.obj
c:\users\zhangtao\source\repos\ocrsln\qtwidgetsapplication1\x64\release\main.obj
c:\users\zhangtao\source\repos\ocrsln\qtwidgetsapplication1\x64\release\moc_qtwidgetsapplication1.obj
c:\users\zhangtao\source\repos\ocrsln\complier\release\bin\qtwidgetsapplication1.exe
c:\users\zhangtao\source\repos\ocrsln\qtwidgetsapplication1\x64\release\moc\moc_qtwidgetsapplication1.cpp
c:\users\zhangtao\source\repos\ocrsln\qtwidgetsapplication1\x64\release\uic\ui_qtwidgetsapplication1.h
c:\users\zhangtao\source\repos\ocrsln\qtwidgetsapplication1\x64\release\rcc\qrc_qtwidgetsapplication1.cpp
c:\users\zhangtao\source\repos\ocrsln\qtwidgetsapplication1\x64\release\qtwidget.7904a63b.tlog\cl.command.1.tlog
c:\users\zhangtao\source\repos\ocrsln\qtwidgetsapplication1\x64\release\qtwidget.7904a63b.tlog\cl.read.1.tlog
c:\users\zhangtao\source\repos\ocrsln\qtwidgetsapplication1\x64\release\qtwidget.7904a63b.tlog\cl.write.1.tlog
c:\users\zhangtao\source\repos\ocrsln\qtwidgetsapplication1\x64\release\qtwidget.7904a63b.tlog\link.command.1.tlog
c:\users\zhangtao\source\repos\ocrsln\qtwidgetsapplication1\x64\release\qtwidget.7904a63b.tlog\link.read.1.tlog
c:\users\zhangtao\source\repos\ocrsln\qtwidgetsapplication1\x64\release\qtwidget.7904a63b.tlog\link.write.1.tlog
c:\users\zhangtao\source\repos\ocrsln\qtwidgetsapplication1\x64\release\qtwidget.7904a63b.tlog\moc.read.1u.tlog
c:\users\zhangtao\source\repos\ocrsln\qtwidgetsapplication1\x64\release\qtwidget.7904a63b.tlog\moc.write.1u.tlog
c:\users\zhangtao\source\repos\ocrsln\qtwidgetsapplication1\x64\release\qtwidget.7904a63b.tlog\qtwidgetsapplication1.write.1u.tlog
c:\users\zhangtao\source\repos\ocrsln\qtwidgetsapplication1\x64\release\qtwidget.7904a63b.tlog\rcc.read.1u.tlog
c:\users\zhangtao\source\repos\ocrsln\qtwidgetsapplication1\x64\release\qtwidget.7904a63b.tlog\rcc.write.1u.tlog
c:\users\zhangtao\source\repos\ocrsln\qtwidgetsapplication1\x64\release\qtwidget.7904a63b.tlog\uic.read.1u.tlog
c:\users\zhangtao\source\repos\ocrsln\qtwidgetsapplication1\x64\release\qtwidget.7904a63b.tlog\uic.write.1u.tlog
